{"/Users/alinaghetler/Desktop/virtual_doctor/backend/src/app.js": {"path":"/Users/alinaghetler/Desktop/virtual_doctor/backend/src/app.js","statementMap":{"0":{"start":{"line":1,"column":20},"end":{"line":1,"column":42}},"1":{"start":{"line":3,"column":16},"end":{"line":3,"column":34}},"2":{"start":{"line":4,"column":13},"end":{"line":4,"column":28}},"3":{"start":{"line":5,"column":21},"end":{"line":5,"column":45}},"4":{"start":{"line":6,"column":15},"end":{"line":6,"column":32}},"5":{"start":{"line":8,"column":20},"end":{"line":8,"column":45}},"6":{"start":{"line":9,"column":20},"end":{"line":9,"column":45}},"7":{"start":{"line":10,"column":26},"end":{"line":10,"column":58}},"8":{"start":{"line":11,"column":22},"end":{"line":11,"column":50}},"9":{"start":{"line":12,"column":13},"end":{"line":12,"column":37}},"10":{"start":{"line":13,"column":0},"end":{"line":13,"column":32}},"11":{"start":{"line":15,"column":12},"end":{"line":15,"column":21}},"12":{"start":{"line":17,"column":0},"end":{"line":24,"column":2}},"13":{"start":{"line":27,"column":0},"end":{"line":27,"column":47}},"14":{"start":{"line":28,"column":0},"end":{"line":28,"column":29}},"15":{"start":{"line":30,"column":0},"end":{"line":30,"column":22}},"16":{"start":{"line":31,"column":0},"end":{"line":31,"column":23}},"17":{"start":{"line":32,"column":0},"end":{"line":32,"column":48}},"18":{"start":{"line":33,"column":0},"end":{"line":33,"column":23}},"19":{"start":{"line":34,"column":0},"end":{"line":34,"column":55}},"20":{"start":{"line":36,"column":0},"end":{"line":36,"column":29}},"21":{"start":{"line":37,"column":0},"end":{"line":37,"column":34}},"22":{"start":{"line":38,"column":0},"end":{"line":38,"column":46}},"23":{"start":{"line":39,"column":0},"end":{"line":39,"column":38}},"24":{"start":{"line":42,"column":0},"end":{"line":44,"column":2}},"25":{"start":{"line":43,"column":2},"end":{"line":43,"column":24}},"26":{"start":{"line":47,"column":0},"end":{"line":55,"column":2}},"27":{"start":{"line":49,"column":2},"end":{"line":49,"column":34}},"28":{"start":{"line":50,"column":2},"end":{"line":50,"column":68}},"29":{"start":{"line":53,"column":2},"end":{"line":53,"column":31}},"30":{"start":{"line":54,"column":2},"end":{"line":54,"column":21}},"31":{"start":{"line":57,"column":0},"end":{"line":57,"column":20}}},"fnMap":{"0":{"name":"(anonymous_0)","decl":{"start":{"line":42,"column":8},"end":{"line":42,"column":9}},"loc":{"start":{"line":42,"column":28},"end":{"line":44,"column":1}},"line":42},"1":{"name":"(anonymous_1)","decl":{"start":{"line":47,"column":8},"end":{"line":47,"column":9}},"loc":{"start":{"line":47,"column":27},"end":{"line":55,"column":1}},"line":47}},"branchMap":{"0":{"loc":{"start":{"line":50,"column":21},"end":{"line":50,"column":68}},"type":"cond-expr","locations":[{"start":{"line":50,"column":60},"end":{"line":50,"column":63}},{"start":{"line":50,"column":66},"end":{"line":50,"column":68}}],"line":50},"1":{"loc":{"start":{"line":53,"column":13},"end":{"line":53,"column":30}},"type":"binary-expr","locations":[{"start":{"line":53,"column":13},"end":{"line":53,"column":23}},{"start":{"line":53,"column":27},"end":{"line":53,"column":30}}],"line":53}},"s":{"0":1,"1":1,"2":1,"3":1,"4":1,"5":1,"6":1,"7":1,"8":1,"9":1,"10":1,"11":1,"12":1,"13":1,"14":1,"15":1,"16":1,"17":1,"18":1,"19":1,"20":1,"21":1,"22":1,"23":1,"24":1,"25":0,"26":1,"27":0,"28":0,"29":0,"30":0,"31":1},"f":{"0":0,"1":0},"b":{"0":[0,0],"1":[0,0]},"_coverageSchema":"1a1c01bbd47fc00a2c39e90264f33305004495a9","hash":"4c0ed65698a7db942087d711ad2827d6b9ea0731"}
,"/Users/alinaghetler/Desktop/virtual_doctor/backend/src/database-connection.js": {"path":"/Users/alinaghetler/Desktop/virtual_doctor/backend/src/database-connection.js","statementMap":{"0":{"start":{"line":1,"column":17},"end":{"line":1,"column":36}},"1":{"start":{"line":3,"column":17},"end":{"line":3,"column":45}},"2":{"start":{"line":4,"column":17},"end":{"line":4,"column":45}},"3":{"start":{"line":5,"column":15},"end":{"line":5,"column":43}},"4":{"start":{"line":6,"column":15},"end":{"line":6,"column":39}},"5":{"start":{"line":7,"column":23},"end":{"line":7,"column":60}},"6":{"start":{"line":9,"column":0},"end":{"line":9,"column":27}},"7":{"start":{"line":10,"column":0},"end":{"line":14,"column":1}},"8":{"start":{"line":11,"column":2},"end":{"line":13,"column":28}},"9":{"start":{"line":15,"column":0},"end":{"line":15,"column":46}},"10":{"start":{"line":17,"column":0},"end":{"line":17,"column":27}},"11":{"start":{"line":18,"column":0},"end":{"line":24,"column":21}},"12":{"start":{"line":23,"column":14},"end":{"line":23,"column":51}}},"fnMap":{"0":{"name":"(anonymous_0)","decl":{"start":{"line":23,"column":8},"end":{"line":23,"column":9}},"loc":{"start":{"line":23,"column":14},"end":{"line":23,"column":51}},"line":23}},"branchMap":{"0":{"loc":{"start":{"line":10,"column":0},"end":{"line":14,"column":1}},"type":"if","locations":[{"start":{"line":10,"column":0},"end":{"line":14,"column":1}},{"start":{"line":10,"column":0},"end":{"line":14,"column":1}}],"line":10},"1":{"loc":{"start":{"line":11,"column":21},"end":{"line":13,"column":28}},"type":"cond-expr","locations":[{"start":{"line":12,"column":6},"end":{"line":12,"column":65}},{"start":{"line":13,"column":6},"end":{"line":13,"column":28}}],"line":11}},"s":{"0":2,"1":2,"2":2,"3":2,"4":2,"5":2,"6":2,"7":2,"8":2,"9":2,"10":2,"11":2,"12":2},"f":{"0":2},"b":{"0":[2,0],"1":[0,2]},"_coverageSchema":"1a1c01bbd47fc00a2c39e90264f33305004495a9","hash":"ca70549076b3b7765dcfa54bcc59e1d895c0f3e3"}
,"/Users/alinaghetler/Desktop/virtual_doctor/backend/src/models/appointment.js": {"path":"/Users/alinaghetler/Desktop/virtual_doctor/backend/src/models/appointment.js","statementMap":{"0":{"start":{"line":1,"column":17},"end":{"line":1,"column":36}},"1":{"start":{"line":2,"column":21},"end":{"line":2,"column":53}},"2":{"start":{"line":4,"column":26},"end":{"line":32,"column":2}},"3":{"start":{"line":34,"column":0},"end":{"line":34,"column":38}},"4":{"start":{"line":35,"column":20},"end":{"line":35,"column":68}},"5":{"start":{"line":36,"column":0},"end":{"line":36,"column":28}}},"fnMap":{},"branchMap":{},"s":{"0":2,"1":2,"2":2,"3":2,"4":2,"5":2},"f":{},"b":{},"_coverageSchema":"1a1c01bbd47fc00a2c39e90264f33305004495a9","hash":"f8e1375454f9d3e64e8759b6ba3e4c1541f8ecb4"}
,"/Users/alinaghetler/Desktop/virtual_doctor/backend/src/models/session.js": {"path":"/Users/alinaghetler/Desktop/virtual_doctor/backend/src/models/session.js","statementMap":{"0":{"start":{"line":2,"column":17},"end":{"line":2,"column":36}},"1":{"start":{"line":4,"column":21},"end":{"line":4,"column":53}},"2":{"start":{"line":6,"column":16},"end":{"line":11,"column":2}},"3":{"start":{"line":13,"column":0},"end":{"line":13,"column":28}},"4":{"start":{"line":15,"column":16},"end":{"line":15,"column":50}},"5":{"start":{"line":16,"column":0},"end":{"line":16,"column":24}}},"fnMap":{},"branchMap":{},"s":{"0":1,"1":1,"2":1,"3":1,"4":1,"5":1},"f":{},"b":{},"_coverageSchema":"1a1c01bbd47fc00a2c39e90264f33305004495a9","hash":"0d0bb98fddd5b9ef126ba95fcf2f54aab3a3e9da"}
,"/Users/alinaghetler/Desktop/virtual_doctor/backend/src/models/user.js": {"path":"/Users/alinaghetler/Desktop/virtual_doctor/backend/src/models/user.js","statementMap":{"0":{"start":{"line":1,"column":17},"end":{"line":1,"column":36}},"1":{"start":{"line":3,"column":21},"end":{"line":3,"column":53}},"2":{"start":{"line":6,"column":13},"end":{"line":31,"column":2}},"3":{"start":{"line":32,"column":0},"end":{"line":32,"column":25}},"4":{"start":{"line":33,"column":13},"end":{"line":33,"column":41}},"5":{"start":{"line":34,"column":0},"end":{"line":34,"column":21}}},"fnMap":{},"branchMap":{},"s":{"0":2,"1":2,"2":2,"3":2,"4":2,"5":2},"f":{},"b":{},"_coverageSchema":"1a1c01bbd47fc00a2c39e90264f33305004495a9","hash":"e7cb87ea7834e734f9c9eb7e9b1f19a112112b72"}
,"/Users/alinaghetler/Desktop/virtual_doctor/backend/src/routes/appointments.js": {"path":"/Users/alinaghetler/Desktop/virtual_doctor/backend/src/routes/appointments.js","statementMap":{"0":{"start":{"line":1,"column":16},"end":{"line":1,"column":34}},"1":{"start":{"line":3,"column":15},"end":{"line":3,"column":31}},"2":{"start":{"line":5,"column":20},"end":{"line":5,"column":52}},"3":{"start":{"line":8,"column":0},"end":{"line":10,"column":2}},"4":{"start":{"line":9,"column":2},"end":{"line":9,"column":32}},"5":{"start":{"line":11,"column":0},"end":{"line":15,"column":2}},"6":{"start":{"line":12,"column":22},"end":{"line":12,"column":63}},"7":{"start":{"line":13,"column":2},"end":{"line":14,"column":26}},"8":{"start":{"line":13,"column":19},"end":{"line":13,"column":40}},"9":{"start":{"line":14,"column":7},"end":{"line":14,"column":26}},"10":{"start":{"line":16,"column":0},"end":{"line":19,"column":2}},"11":{"start":{"line":17,"column":27},"end":{"line":17,"column":61}},"12":{"start":{"line":18,"column":2},"end":{"line":18,"column":28}},"13":{"start":{"line":21,"column":0},"end":{"line":21,"column":23}}},"fnMap":{"0":{"name":"(anonymous_0)","decl":{"start":{"line":8,"column":16},"end":{"line":8,"column":17}},"loc":{"start":{"line":8,"column":36},"end":{"line":10,"column":1}},"line":8},"1":{"name":"(anonymous_1)","decl":{"start":{"line":11,"column":19},"end":{"line":11,"column":20}},"loc":{"start":{"line":11,"column":39},"end":{"line":15,"column":1}},"line":11},"2":{"name":"(anonymous_2)","decl":{"start":{"line":16,"column":17},"end":{"line":16,"column":18}},"loc":{"start":{"line":16,"column":37},"end":{"line":19,"column":1}},"line":16}},"branchMap":{"0":{"loc":{"start":{"line":13,"column":2},"end":{"line":14,"column":26}},"type":"if","locations":[{"start":{"line":13,"column":2},"end":{"line":14,"column":26}},{"start":{"line":13,"column":2},"end":{"line":14,"column":26}}],"line":13}},"s":{"0":1,"1":1,"2":1,"3":1,"4":0,"5":1,"6":0,"7":0,"8":0,"9":0,"10":1,"11":0,"12":0,"13":1},"f":{"0":0,"1":0,"2":0},"b":{"0":[0,0]},"_coverageSchema":"1a1c01bbd47fc00a2c39e90264f33305004495a9","hash":"5eac0103b2251b724931ba8ca38473faa4cd8a6a"}
,"/Users/alinaghetler/Desktop/virtual_doctor/backend/src/routes/index.js": {"path":"/Users/alinaghetler/Desktop/virtual_doctor/backend/src/routes/index.js","statementMap":{"0":{"start":{"line":1,"column":16},"end":{"line":1,"column":34}},"1":{"start":{"line":3,"column":15},"end":{"line":3,"column":31}},"2":{"start":{"line":6,"column":0},"end":{"line":9,"column":3}},"3":{"start":{"line":7,"column":2},"end":{"line":7,"column":45}},"4":{"start":{"line":12,"column":0},"end":{"line":12,"column":24}}},"fnMap":{"0":{"name":"(anonymous_0)","decl":{"start":{"line":6,"column":16},"end":{"line":6,"column":17}},"loc":{"start":{"line":6,"column":30},"end":{"line":9,"column":1}},"line":6}},"branchMap":{},"s":{"0":1,"1":1,"2":1,"3":0,"4":1},"f":{"0":0},"b":{},"_coverageSchema":"1a1c01bbd47fc00a2c39e90264f33305004495a9","hash":"0a77ef7ddba5756ebefa3edb289bfbf2d08473a4"}
,"/Users/alinaghetler/Desktop/virtual_doctor/backend/src/routes/sessions.js": {"path":"/Users/alinaghetler/Desktop/virtual_doctor/backend/src/routes/sessions.js","statementMap":{"0":{"start":{"line":1,"column":16},"end":{"line":1,"column":34}},"1":{"start":{"line":2,"column":16},"end":{"line":2,"column":44}},"2":{"start":{"line":4,"column":15},"end":{"line":4,"column":31}},"3":{"start":{"line":7,"column":0},"end":{"line":13,"column":2}},"4":{"start":{"line":8,"column":16},"end":{"line":8,"column":18}},"5":{"start":{"line":9,"column":2},"end":{"line":11,"column":3}},"6":{"start":{"line":10,"column":4},"end":{"line":10,"column":47}},"7":{"start":{"line":12,"column":2},"end":{"line":12,"column":34}},"8":{"start":{"line":15,"column":0},"end":{"line":18,"column":2}},"9":{"start":{"line":16,"column":24},"end":{"line":16,"column":54}},"10":{"start":{"line":17,"column":2},"end":{"line":17,"column":25}},"11":{"start":{"line":20,"column":0},"end":{"line":20,"column":23}}},"fnMap":{"0":{"name":"(anonymous_0)","decl":{"start":{"line":7,"column":16},"end":{"line":7,"column":17}},"loc":{"start":{"line":7,"column":36},"end":{"line":13,"column":1}},"line":7},"1":{"name":"(anonymous_1)","decl":{"start":{"line":15,"column":17},"end":{"line":15,"column":18}},"loc":{"start":{"line":15,"column":36},"end":{"line":18,"column":1}},"line":15}},"branchMap":{"0":{"loc":{"start":{"line":9,"column":2},"end":{"line":11,"column":3}},"type":"if","locations":[{"start":{"line":9,"column":2},"end":{"line":11,"column":3}},{"start":{"line":9,"column":2},"end":{"line":11,"column":3}}],"line":9}},"s":{"0":1,"1":1,"2":1,"3":1,"4":0,"5":0,"6":0,"7":0,"8":1,"9":0,"10":0,"11":1},"f":{"0":0,"1":0},"b":{"0":[0,0]},"_coverageSchema":"1a1c01bbd47fc00a2c39e90264f33305004495a9","hash":"af82fbb79669884a7c7cce4180000ad796622dde"}
,"/Users/alinaghetler/Desktop/virtual_doctor/backend/src/routes/users.js": {"path":"/Users/alinaghetler/Desktop/virtual_doctor/backend/src/routes/users.js","statementMap":{"0":{"start":{"line":1,"column":16},"end":{"line":1,"column":34}},"1":{"start":{"line":3,"column":15},"end":{"line":3,"column":31}},"2":{"start":{"line":5,"column":13},"end":{"line":5,"column":38}},"3":{"start":{"line":7,"column":0},"end":{"line":23,"column":3}},"4":{"start":{"line":9,"column":16},"end":{"line":9,"column":18}},"5":{"start":{"line":10,"column":2},"end":{"line":12,"column":3}},"6":{"start":{"line":11,"column":4},"end":{"line":11,"column":33}},"7":{"start":{"line":13,"column":2},"end":{"line":15,"column":3}},"8":{"start":{"line":14,"column":4},"end":{"line":14,"column":41}},"9":{"start":{"line":16,"column":2},"end":{"line":18,"column":3}},"10":{"start":{"line":17,"column":4},"end":{"line":17,"column":39}},"11":{"start":{"line":19,"column":2},"end":{"line":21,"column":3}},"12":{"start":{"line":20,"column":4},"end":{"line":20,"column":44}},"13":{"start":{"line":22,"column":2},"end":{"line":22,"column":34}},"14":{"start":{"line":25,"column":0},"end":{"line":30,"column":2}},"15":{"start":{"line":26,"column":15},"end":{"line":26,"column":49}},"16":{"start":{"line":27,"column":2},"end":{"line":28,"column":26}},"17":{"start":{"line":27,"column":12},"end":{"line":27,"column":26}},"18":{"start":{"line":28,"column":7},"end":{"line":28,"column":26}},"19":{"start":{"line":34,"column":0},"end":{"line":37,"column":2}},"20":{"start":{"line":35,"column":22},"end":{"line":35,"column":49}},"21":{"start":{"line":36,"column":2},"end":{"line":36,"column":23}},"22":{"start":{"line":40,"column":0},"end":{"line":40,"column":24}}},"fnMap":{"0":{"name":"(anonymous_0)","decl":{"start":{"line":7,"column":16},"end":{"line":7,"column":17}},"loc":{"start":{"line":7,"column":35},"end":{"line":23,"column":1}},"line":7},"1":{"name":"(anonymous_1)","decl":{"start":{"line":25,"column":19},"end":{"line":25,"column":20}},"loc":{"start":{"line":25,"column":39},"end":{"line":30,"column":1}},"line":25},"2":{"name":"(anonymous_2)","decl":{"start":{"line":34,"column":17},"end":{"line":34,"column":18}},"loc":{"start":{"line":34,"column":36},"end":{"line":37,"column":1}},"line":34}},"branchMap":{"0":{"loc":{"start":{"line":10,"column":2},"end":{"line":12,"column":3}},"type":"if","locations":[{"start":{"line":10,"column":2},"end":{"line":12,"column":3}},{"start":{"line":10,"column":2},"end":{"line":12,"column":3}}],"line":10},"1":{"loc":{"start":{"line":13,"column":2},"end":{"line":15,"column":3}},"type":"if","locations":[{"start":{"line":13,"column":2},"end":{"line":15,"column":3}},{"start":{"line":13,"column":2},"end":{"line":15,"column":3}}],"line":13},"2":{"loc":{"start":{"line":16,"column":2},"end":{"line":18,"column":3}},"type":"if","locations":[{"start":{"line":16,"column":2},"end":{"line":18,"column":3}},{"start":{"line":16,"column":2},"end":{"line":18,"column":3}}],"line":16},"3":{"loc":{"start":{"line":19,"column":2},"end":{"line":21,"column":3}},"type":"if","locations":[{"start":{"line":19,"column":2},"end":{"line":21,"column":3}},{"start":{"line":19,"column":2},"end":{"line":21,"column":3}}],"line":19},"4":{"loc":{"start":{"line":27,"column":2},"end":{"line":28,"column":26}},"type":"if","locations":[{"start":{"line":27,"column":2},"end":{"line":28,"column":26}},{"start":{"line":27,"column":2},"end":{"line":28,"column":26}}],"line":27}},"s":{"0":1,"1":1,"2":1,"3":1,"4":2,"5":2,"6":1,"7":2,"8":0,"9":2,"10":0,"11":2,"12":0,"13":2,"14":1,"15":0,"16":0,"17":0,"18":0,"19":1,"20":1,"21":1,"22":1},"f":{"0":2,"1":0,"2":1},"b":{"0":[1,1],"1":[0,2],"2":[0,2],"3":[0,2],"4":[0,0]},"_coverageSchema":"1a1c01bbd47fc00a2c39e90264f33305004495a9","hash":"2ec75ae0109dc48c04a7856c3ec234e9584e4da0"}
,"/Users/alinaghetler/Desktop/virtual_doctor/backend/test/seed-importer.js": {"path":"/Users/alinaghetler/Desktop/virtual_doctor/backend/test/seed-importer.js","statementMap":{"0":{"start":{"line":2,"column":13},"end":{"line":2,"column":42}},"1":{"start":{"line":3,"column":21},"end":{"line":3,"column":57}},"2":{"start":{"line":5,"column":31},"end":{"line":5,"column":55}},"3":{"start":{"line":6,"column":17},"end":{"line":6,"column":19}},"4":{"start":{"line":8,"column":20},"end":{"line":18,"column":1}},"5":{"start":{"line":9,"column":21},"end":{"line":9,"column":23}},"6":{"start":{"line":10,"column":4},"end":{"line":10,"column":59}},"7":{"start":{"line":10,"column":26},"end":{"line":10,"column":58}},"8":{"start":{"line":11,"column":23},"end":{"line":11,"column":50}},"9":{"start":{"line":12,"column":21},"end":{"line":12,"column":77}},"10":{"start":{"line":12,"column":47},"end":{"line":12,"column":69}},"11":{"start":{"line":13,"column":22},"end":{"line":13,"column":79}},"12":{"start":{"line":13,"column":48},"end":{"line":13,"column":71}},"13":{"start":{"line":14,"column":4},"end":{"line":14,"column":33}},"14":{"start":{"line":15,"column":4},"end":{"line":15,"column":35}},"15":{"start":{"line":16,"column":4},"end":{"line":16,"column":38}},"16":{"start":{"line":17,"column":4},"end":{"line":17,"column":41}},"17":{"start":{"line":20,"column":0},"end":{"line":20,"column":42}}},"fnMap":{"0":{"name":"(anonymous_0)","decl":{"start":{"line":8,"column":20},"end":{"line":8,"column":21}},"loc":{"start":{"line":8,"column":32},"end":{"line":18,"column":1}},"line":8},"1":{"name":"(anonymous_1)","decl":{"start":{"line":10,"column":18},"end":{"line":10,"column":19}},"loc":{"start":{"line":10,"column":26},"end":{"line":10,"column":58}},"line":10},"2":{"name":"(anonymous_2)","decl":{"start":{"line":12,"column":39},"end":{"line":12,"column":40}},"loc":{"start":{"line":12,"column":47},"end":{"line":12,"column":69}},"line":12},"3":{"name":"(anonymous_3)","decl":{"start":{"line":13,"column":40},"end":{"line":13,"column":41}},"loc":{"start":{"line":13,"column":48},"end":{"line":13,"column":71}},"line":13}},"branchMap":{},"s":{"0":2,"1":2,"2":2,"3":2,"4":2,"5":2,"6":2,"7":6,"8":2,"9":2,"10":6,"11":2,"12":6,"13":2,"14":2,"15":2,"16":2,"17":2},"f":{"0":2,"1":6,"2":6,"3":6},"b":{},"_coverageSchema":"1a1c01bbd47fc00a2c39e90264f33305004495a9","hash":"07e1facb105a4f64af7547baa72dc32679db8ddc"}
,"/Users/alinaghetler/Desktop/virtual_doctor/backend/test/seeds/users.js": {"path":"/Users/alinaghetler/Desktop/virtual_doctor/backend/test/seeds/users.js","statementMap":{"0":{"start":{"line":1,"column":14},"end":{"line":26,"column":1}},"1":{"start":{"line":27,"column":21},"end":{"line":32,"column":2}},"2":{"start":{"line":34,"column":0},"end":{"line":34,"column":39}}},"fnMap":{},"branchMap":{},"s":{"0":2,"1":2,"2":2},"f":{},"b":{},"_coverageSchema":"1a1c01bbd47fc00a2c39e90264f33305004495a9","hash":"4b6013135f4ea8e66c61248f5177402fb83623ee"}
}
